
Started Import Process
# System Details: 
Debug Mode 		: Desactivado
Operating System 	: Linux
Software 		: LiteSpeed
MySQL version 		: 10.11.10
XML Reader 		: Sí
PHP Version 		: 8.2.28
PHP Max Input Vars 	: 5000
PHP Max Post Size 	: 256M
PHP Extension GD 	: Sí
PHP Max Execution Time 	: 300
Max Upload Size 	: 256 MB
Memory Limit 		: El límite de memoria actual es 40M. Recomendamos ajustar la memoria a por lo menos 64M.
Timezone 		: 0

-----

Importing Started! - 16:56:40 UTC
---

WHY IMPORT PROCESS CAN FAIL? READ THIS - 
https://wpastra.com/docs/?p=1314&utm_source=demo-import-panel&utm_campaign=import-error&utm_medium=wp-dashboard

---

Batch Process Started..
Starter Templates - Importing Images for Blog name 'OneOrbix Box  Tu casillero en USA' (1)
---- Processing Images from Widgets -----
---- Processing Contact Form Mapping from WP Forms Widgets -----
---- Processing WordPress Posts / Pages - for Elementor ----
No Elementor pages found that need processing.
---- Processing batch process for Customizer start ----
---- Processing batch process for Customizer done ----